# JRE version: OpenJDK Runtime Environment Temurin-21.0.9+10 (21.0.9+10) (build 21.0.9+10-LTS)
# Java VM: OpenJDK 64-Bit Server VM Temurin-21.0.9+10 (21.0.9+10-LTS, mixed mode, sharing, tiered, compressed oops, compressed class ptrs, parallel gc, windows-amd64)
GC Precious Log:
 CardTable entry size: 512
 CPUs: 4 total, 4 available
 Memory: 8067M
 Large Page Support: Disabled
 NUMA Support: Disabled
 Compressed Oops: Enabled (32-bit)
 Alignments: Space 512K, Generation 512K, Heap 2M
 Heap Min Capacity: 100M
 Heap Initial Capacity: 100M
 Heap Max Capacity: 2G
 Pre-touch: Disabled
 Parallel Workers: 4
Heap:
 PSYoungGen      total 9728K, used 7181K [0x00000000d5580000, 0x00000000d6100000, 0x0000000100000000)
  eden space 9216K, 73% used [0x00000000d5580000,0x00000000d5c23750,0x00000000d5e80000)
  from space 512K, 75% used [0x00000000d6080000,0x00000000d60e0000,0x00000000d6100000)
  to   space 1024K, 0% used [0x00000000d5f00000,0x00000000d5f00000,0x00000000d6000000)
 ParOldGen       total 910336K, used 910132K [0x0000000080000000, 0x00000000b7900000, 0x00000000d5580000)
  object space 910336K, 99% used [0x0000000080000000,0x00000000b78cd2f0,0x00000000b7900000)
 Metaspace       used 99358K, committed 101056K, reserved 1179648K
  class space    used 9763K, committed 10560K, reserved 1048576K
GC Heap History (20 events):
Event: 11465.550 GC heap before
{Heap before GC invocations=5569 (full 8):
 PSYoungGen      total 8704K, used 8278K [0x00000000d5580000, 0x00000000d6600000, 0x0000000100000000)
  eden space 5120K, 100% used [0x00000000d5580000,0x00000000d5a80000,0x00000000d5a80000)
  from space 3584K, 88% used [0x00000000d6280000,0x00000000d6595928,0x00000000d6600000)
  to   space 5120K, 0% used [0x00000000d5c00000,0x00000000d5c00000,0x00000000d6100000)
 ParOldGen       total 897536K, used 897526K [0x0000000080000000, 0x00000000b6c80000, 0x00000000d5580000)
  object space 897536K, 99% used [0x0000000080000000,0x00000000b6c7d8b8,0x00000000b6c80000)
 Metaspace       used 99271K, committed 100928K, reserved 1179648K
  class space    used 9763K, committed 10560K, reserved 1048576K
}
Event: 11465.557 GC heap after
{Heap after GC invocations=5569 (full 8):
 PSYoungGen      total 8192K, used 1888K [0x00000000d5580000, 0x00000000d6300000, 0x0000000100000000)
  eden space 6144K, 0% used [0x00000000d5580000,0x00000000d5580000,0x00000000d5b80000)
  from space 2048K, 92% used [0x00000000d5c00000,0x00000000d5dd8000,0x00000000d5e00000)
  to   space 3072K, 0% used [0x00000000d6000000,0x00000000d6000000,0x00000000d6300000)
 ParOldGen       total 901120K, used 900644K [0x0000000080000000, 0x00000000b7000000, 0x00000000d5580000)
  object space 901120K, 99% used [0x0000000080000000,0x00000000b6f891e0,0x00000000b7000000)
 Metaspace       used 99271K, committed 100928K, reserved 1179648K
  class space    used 9763K, committed 10560K, reserved 1048576K
}
Event: 11465.597 GC heap before
{Heap before GC invocations=5570 (full 8):
 PSYoungGen      total 8192K, used 8032K [0x00000000d5580000, 0x00000000d6300000, 0x0000000100000000)
  eden space 6144K, 100% used [0x00000000d5580000,0x00000000d5b80000,0x00000000d5b80000)
  from space 2048K, 92% used [0x00000000d5c00000,0x00000000d5dd8000,0x00000000d5e00000)
  to   space 3072K, 0% used [0x00000000d6000000,0x00000000d6000000,0x00000000d6300000)
 ParOldGen       total 901120K, used 900644K [0x0000000080000000, 0x00000000b7000000, 0x00000000d5580000)
  object space 901120K, 99% used [0x0000000080000000,0x00000000b6f891e0,0x00000000b7000000)
 Metaspace       used 99271K, committed 100928K, reserved 1179648K
  class space    used 9763K, committed 10560K, reserved 1048576K
}
Event: 11465.606 GC heap after
{Heap after GC invocations=5570 (full 8):
 PSYoungGen      total 10240K, used 2313K [0x00000000d5580000, 0x00000000d6280000, 0x0000000100000000)
  eden space 7680K, 0% used [0x00000000d5580000,0x00000000d5580000,0x00000000d5d00000)
  from space 2560K, 90% used [0x00000000d6000000,0x00000000d6242400,0x00000000d6280000)
  to   space 2560K, 0% used [0x00000000d5d80000,0x00000000d5d80000,0x00000000d6000000)
 ParOldGen       total 902656K, used 902476K [0x0000000080000000, 0x00000000b7180000, 0x00000000d5580000)
  object space 902656K, 99% used [0x0000000080000000,0x00000000b71531e0,0x00000000b7180000)
 Metaspace       used 99271K, committed 100928K, reserved 1179648K
  class space    used 9763K, committed 10560K, reserved 1048576K
}
Event: 11465.619 GC heap before
{Heap before GC invocations=5571 (full 8):
 PSYoungGen      total 10240K, used 9993K [0x00000000d5580000, 0x00000000d6280000, 0x0000000100000000)
  eden space 7680K, 100% used [0x00000000d5580000,0x00000000d5d00000,0x00000000d5d00000)
  from space 2560K, 90% used [0x00000000d6000000,0x00000000d6242400,0x00000000d6280000)
  to   space 2560K, 0% used [0x00000000d5d80000,0x00000000d5d80000,0x00000000d6000000)
 ParOldGen       total 902656K, used 902476K [0x0000000080000000, 0x00000000b7180000, 0x00000000d5580000)
  object space 902656K, 99% used [0x0000000080000000,0x00000000b71531e0,0x00000000b7180000)
 Metaspace       used 99271K, committed 100928K, reserved 1179648K
  class space    used 9763K, committed 10560K, reserved 1048576K
}
Event: 11465.625 GC heap after
{Heap after GC invocations=5571 (full 8):
 PSYoungGen      total 10752K, used 1010K [0x00000000d5580000, 0x00000000d6180000, 0x0000000100000000)
  eden space 8192K, 0% used [0x00000000d5580000,0x00000000d5580000,0x00000000d5d80000)
  from space 2560K, 39% used [0x00000000d5d80000,0x00000000d5e7c800,0x00000000d6000000)
  to   space 1536K, 0% used [0x00000000d6000000,0x00000000d6000000,0x00000000d6180000)
 ParOldGen       total 905216K, used 904741K [0x0000000080000000, 0x00000000b7400000, 0x00000000d5580000)
  object space 905216K, 99% used [0x0000000080000000,0x00000000b7389620,0x00000000b7400000)
 Metaspace       used 99271K, committed 100928K, reserved 1179648K
  class space    used 9763K, committed 10560K, reserved 1048576K
}
Event: 11465.640 GC heap before
{Heap before GC invocations=5572 (full 8):
 PSYoungGen      total 10752K, used 9202K [0x00000000d5580000, 0x00000000d6180000, 0x0000000100000000)
  eden space 8192K, 100% used [0x00000000d5580000,0x00000000d5d80000,0x00000000d5d80000)
  from space 2560K, 39% used [0x00000000d5d80000,0x00000000d5e7c800,0x00000000d6000000)
  to   space 1536K, 0% used [0x00000000d6000000,0x00000000d6000000,0x00000000d6180000)
 ParOldGen       total 905216K, used 904741K [0x0000000080000000, 0x00000000b7400000, 0x00000000d5580000)
  object space 905216K, 99% used [0x0000000080000000,0x00000000b7389620,0x00000000b7400000)
 Metaspace       used 99271K, committed 100928K, reserved 1179648K
  class space    used 9763K, committed 10560K, reserved 1048576K
}
Event: 11465.644 GC heap after
{Heap after GC invocations=5572 (full 8):
 PSYoungGen      total 10752K, used 1056K [0x00000000d5580000, 0x00000000d6280000, 0x0000000100000000)
  eden space 9216K, 0% used [0x00000000d5580000,0x00000000d5580000,0x00000000d5e80000)
  from space 1536K, 68% used [0x00000000d6000000,0x00000000d6108000,0x00000000d6180000)
  to   space 1536K, 0% used [0x00000000d5e80000,0x00000000d5e80000,0x00000000d6000000)
 ParOldGen       total 905728K, used 905631K [0x0000000080000000, 0x00000000b7480000, 0x00000000d5580000)
  object space 905728K, 99% used [0x0000000080000000,0x00000000b7467e20,0x00000000b7480000)
 Metaspace       used 99271K, committed 100928K, reserved 1179648K
  class space    used 9763K, committed 10560K, reserved 1048576K
}
Event: 11465.674 GC heap before
{Heap before GC invocations=5573 (full 8):
 PSYoungGen      total 10752K, used 10272K [0x00000000d5580000, 0x00000000d6280000, 0x0000000100000000)
  eden space 9216K, 100% used [0x00000000d5580000,0x00000000d5e80000,0x00000000d5e80000)
  from space 1536K, 68% used [0x00000000d6000000,0x00000000d6108000,0x00000000d6180000)
  to   space 1536K, 0% used [0x00000000d5e80000,0x00000000d5e80000,0x00000000d6000000)
 ParOldGen       total 905728K, used 905631K [0x0000000080000000, 0x00000000b7480000, 0x00000000d5580000)
  object space 905728K, 99% used [0x0000000080000000,0x00000000b7467e20,0x00000000b7480000)
 Metaspace       used 99271K, committed 100928K, reserved 1179648K
  class space    used 9763K, committed 10560K, reserved 1048576K
}
Event: 11465.679 GC heap after
{Heap after GC invocations=5573 (full 8):
 PSYoungGen      total 10752K, used 1024K [0x00000000d5580000, 0x00000000d6380000, 0x0000000100000000)
  eden space 9216K, 0% used [0x00000000d5580000,0x00000000d5580000,0x00000000d5e80000)
  from space 1536K, 66% used [0x00000000d5e80000,0x00000000d5f80000,0x00000000d6000000)
  to   space 1536K, 0% used [0x00000000d6200000,0x00000000d6200000,0x00000000d6380000)
 ParOldGen       total 906752K, used 906579K [0x0000000080000000, 0x00000000b7580000, 0x00000000d5580000)
  object space 906752K, 99% used [0x0000000080000000,0x00000000b7554eb0,0x00000000b7580000)
 Metaspace       used 99271K, committed 100928K, reserved 1179648K
  class space    used 9763K, committed 10560K, reserved 1048576K
}
Event: 11465.734 GC heap before
{Heap before GC invocations=5574 (full 8):
 PSYoungGen      total 10752K, used 10240K [0x00000000d5580000, 0x00000000d6380000, 0x0000000100000000)
  eden space 9216K, 100% used [0x00000000d5580000,0x00000000d5e80000,0x00000000d5e80000)
  from space 1536K, 66% used [0x00000000d5e80000,0x00000000d5f80000,0x00000000d6000000)
  to   space 1536K, 0% used [0x00000000d6200000,0x00000000d6200000,0x00000000d6380000)
 ParOldGen       total 906752K, used 906579K [0x0000000080000000, 0x00000000b7580000, 0x00000000d5580000)
  object space 906752K, 99% used [0x0000000080000000,0x00000000b7554eb0,0x00000000b7580000)
 Metaspace       used 99271K, committed 100928K, reserved 1179648K
  class space    used 9763K, committed 10560K, reserved 1048576K
}
Event: 11465.738 GC heap after
{Heap after GC invocations=5574 (full 8):
 PSYoungGen      total 10752K, used 1033K [0x00000000d5580000, 0x00000000d6380000, 0x0000000100000000)
  eden space 9216K, 0% used [0x00000000d5580000,0x00000000d5580000,0x00000000d5e80000)
  from space 1536K, 67% used [0x00000000d6200000,0x00000000d6302400,0x00000000d6380000)
  to   space 1536K, 0% used [0x00000000d5e80000,0x00000000d5e80000,0x00000000d6000000)
 ParOldGen       total 907776K, used 907372K [0x0000000080000000, 0x00000000b7680000, 0x00000000d5580000)
  object space 907776K, 99% used [0x0000000080000000,0x00000000b761b150,0x00000000b7680000)
 Metaspace       used 99271K, committed 100928K, reserved 1179648K
  class space    used 9763K, committed 10560K, reserved 1048576K
}
Event: 11465.759 GC heap before
{Heap before GC invocations=5575 (full 8):
 PSYoungGen      total 10752K, used 10248K [0x00000000d5580000, 0x00000000d6380000, 0x0000000100000000)
  eden space 9216K, 99% used [0x00000000d5580000,0x00000000d5e7fff0,0x00000000d5e80000)
  from space 1536K, 67% used [0x00000000d6200000,0x00000000d6302400,0x00000000d6380000)
  to   space 1536K, 0% used [0x00000000d5e80000,0x00000000d5e80000,0x00000000d6000000)
 ParOldGen       total 907776K, used 907372K [0x0000000080000000, 0x00000000b7680000, 0x00000000d5580000)
  object space 907776K, 99% used [0x0000000080000000,0x00000000b761b150,0x00000000b7680000)
 Metaspace       used 99275K, committed 100928K, reserved 1179648K
  class space    used 9763K, committed 10560K, reserved 1048576K
}
Event: 11465.767 GC heap after
{Heap after GC invocations=5575 (full 8):
 PSYoungGen      total 10752K, used 512K [0x00000000d5580000, 0x00000000d6280000, 0x0000000100000000)
  eden space 9216K, 0% used [0x00000000d5580000,0x00000000d5580000,0x00000000d5e80000)
  from space 1536K, 33% used [0x00000000d5e80000,0x00000000d5f00000,0x00000000d6000000)
  to   space 1024K, 0% used [0x00000000d6180000,0x00000000d6180000,0x00000000d6280000)
 ParOldGen       total 908288K, used 907800K [0x0000000080000000, 0x00000000b7700000, 0x00000000d5580000)
  object space 908288K, 99% used [0x0000000080000000,0x00000000b7686160,0x00000000b7700000)
 Metaspace       used 99275K, committed 100928K, reserved 1179648K
  class space    used 9763K, committed 10560K, reserved 1048576K
}
Event: 11465.873 GC heap before
{Heap before GC invocations=5576 (full 8):
 PSYoungGen      total 10752K, used 9728K [0x00000000d5580000, 0x00000000d6280000, 0x0000000100000000)
  eden space 9216K, 100% used [0x00000000d5580000,0x00000000d5e80000,0x00000000d5e80000)
  from space 1536K, 33% used [0x00000000d5e80000,0x00000000d5f00000,0x00000000d6000000)
  to   space 1024K, 0% used [0x00000000d6180000,0x00000000d6180000,0x00000000d6280000)
 ParOldGen       total 908288K, used 907800K [0x0000000080000000, 0x00000000b7700000, 0x00000000d5580000)
  object space 908288K, 99% used [0x0000000080000000,0x00000000b7686160,0x00000000b7700000)
 Metaspace       used 99278K, committed 100928K, reserved 1179648K
  class space    used 9763K, committed 10560K, reserved 1048576K
}
Event: 11465.885 GC heap after
{Heap after GC invocations=5576 (full 8):
 PSYoungGen      total 10240K, used 1008K [0x00000000d5580000, 0x00000000d6280000, 0x0000000100000000)
  eden space 9216K, 0% used [0x00000000d5580000,0x00000000d5580000,0x00000000d5e80000)
  from space 1024K, 98% used [0x00000000d6180000,0x00000000d627c010,0x00000000d6280000)
  to   space 2048K, 0% used [0x00000000d5e80000,0x00000000d5e80000,0x00000000d6080000)
 ParOldGen       total 908800K, used 908420K [0x0000000080000000, 0x00000000b7780000, 0x00000000d5580000)
  object space 908800K, 99% used [0x0000000080000000,0x00000000b7721288,0x00000000b7780000)
 Metaspace       used 99278K, committed 100928K, reserved 1179648K
  class space    used 9763K, committed 10560K, reserved 1048576K
}
Event: 11466.073 GC heap before
{Heap before GC invocations=5577 (full 8):
 PSYoungGen      total 10240K, used 10224K [0x00000000d5580000, 0x00000000d6280000, 0x0000000100000000)
  eden space 9216K, 100% used [0x00000000d5580000,0x00000000d5e80000,0x00000000d5e80000)
  from space 1024K, 98% used [0x00000000d6180000,0x00000000d627c010,0x00000000d6280000)
  to   space 2048K, 0% used [0x00000000d5e80000,0x00000000d5e80000,0x00000000d6080000)
 ParOldGen       total 908800K, used 908420K [0x0000000080000000, 0x00000000b7780000, 0x00000000d5580000)
  object space 908800K, 99% used [0x0000000080000000,0x00000000b7721288,0x00000000b7780000)
 Metaspace       used 99278K, committed 100928K, reserved 1179648K
  class space    used 9763K, committed 10560K, reserved 1048576K
}
Event: 11466.084 GC heap after
{Heap after GC invocations=5577 (full 8):
 PSYoungGen      total 11264K, used 784K [0x00000000d5580000, 0x00000000d6200000, 0x0000000100000000)
  eden space 9216K, 0% used [0x00000000d5580000,0x00000000d5580000,0x00000000d5e80000)
  from space 2048K, 38% used [0x00000000d5e80000,0x00000000d5f44010,0x00000000d6080000)
  to   space 1536K, 0% used [0x00000000d6080000,0x00000000d6080000,0x00000000d6200000)
 ParOldGen       total 909824K, used 909420K [0x0000000080000000, 0x00000000b7880000, 0x00000000d5580000)
  object space 909824K, 99% used [0x0000000080000000,0x00000000b781b280,0x00000000b7880000)
 Metaspace       used 99278K, committed 100928K, reserved 1179648K
  class space    used 9763K, committed 10560K, reserved 1048576K
}
Event: 11466.207 GC heap before
{Heap before GC invocations=5578 (full 8):
 PSYoungGen      total 11264K, used 10000K [0x00000000d5580000, 0x00000000d6200000, 0x0000000100000000)
  eden space 9216K, 100% used [0x00000000d5580000,0x00000000d5e80000,0x00000000d5e80000)
  from space 2048K, 38% used [0x00000000d5e80000,0x00000000d5f44010,0x00000000d6080000)
  to   space 1536K, 0% used [0x00000000d6080000,0x00000000d6080000,0x00000000d6200000)
 ParOldGen       total 909824K, used 909420K [0x0000000080000000, 0x00000000b7880000, 0x00000000d5580000)
  object space 909824K, 99% used [0x0000000080000000,0x00000000b781b280,0x00000000b7880000)
 Metaspace       used 99297K, committed 100992K, reserved 1179648K
  class space    used 9763K, committed 10560K, reserved 1048576K
}
Event: 11466.215 GC heap after
{Heap after GC invocations=5578 (full 8):
 PSYoungGen      total 9728K, used 384K [0x00000000d5580000, 0x00000000d6100000, 0x0000000100000000)
  eden space 9216K, 0% used [0x00000000d5580000,0x00000000d5580000,0x00000000d5e80000)
  from space 512K, 75% used [0x00000000d6080000,0x00000000d60e0000,0x00000000d6100000)
  to   space 1024K, 0% used [0x00000000d5f00000,0x00000000d5f00000,0x00000000d6000000)
 ParOldGen       total 910336K, used 910132K [0x0000000080000000, 0x00000000b7900000, 0x00000000d5580000)
  object space 910336K, 99% used [0x0000000080000000,0x00000000b78cd2f0,0x00000000b7900000)
 Metaspace       used 99297K, committed 100992K, reserved 1179648K
  class space    used 9763K, committed 10560K, reserved 1048576K
}

