# JRE version: OpenJDK Runtime Environment Temurin-21.0.8+9 (21.0.8+9) (build 21.0.8+9-LTS)
# Java VM: OpenJDK 64-Bit Server VM Temurin-21.0.8+9 (21.0.8+9-LTS, mixed mode, emulated-client, sharing, tiered, compressed oops, compressed class ptrs, g1 gc, windows-amd64)
GC Precious Log:
 CardTable entry size: 512
 Card Set container configuration: InlinePtr #cards 5 size 8 Array Of Cards #cards 12 size 40 Howl #buckets 4 coarsen threshold 1843 Howl Bitmap #cards 512 size 80 coarsen threshold 460 Card regions per heap region 1 cards per card region 2048
 CPUs: 4 total, 4 available
 Memory: 8067M
 Large Page Support: Disabled
 NUMA Support: Disabled
 Compressed Oops: Enabled (32-bit)
 Heap Region Size: 1M
 Heap Min Capacity: 8M
 Heap Initial Capacity: 128M
 Heap Max Capacity: 1G
 Pre-touch: Disabled
 Parallel Workers: 4
 Concurrent Workers: 1
 Concurrent Refinement Workers: 4
 Periodic GC: Disabled
Heap:
 garbage-first heap   total 109568K, used 42122K [0x00000000c0000000, 0x0000000100000000)
  region size 1024K, 1 young (1024K), 0 survivors (0K)
 Metaspace       used 55559K, committed 56512K, reserved 1114112K
  class space    used 6961K, committed 7360K, reserved 1048576K
GC Heap History (20 events):
Event: 10286.400 GC heap after
{Heap after GC invocations=947 (full 731):
 garbage-first heap   total 109568K, used 42122K [0x00000000c0000000, 0x0000000100000000)
  region size 1024K, 0 young (0K), 0 survivors (0K)
 Metaspace       used 55559K, committed 56512K, reserved 1114112K
  class space    used 6961K, committed 7360K, reserved 1048576K
}
Event: 10296.618 GC heap before
{Heap before GC invocations=947 (full 731):
 garbage-first heap   total 109568K, used 42122K [0x00000000c0000000, 0x0000000100000000)
  region size 1024K, 1 young (1024K), 0 survivors (0K)
 Metaspace       used 55559K, committed 56512K, reserved 1114112K
  class space    used 6961K, committed 7360K, reserved 1048576K
}
Event: 10296.665 GC heap after
{Heap after GC invocations=948 (full 732):
 garbage-first heap   total 109568K, used 42122K [0x00000000c0000000, 0x0000000100000000)
  region size 1024K, 0 young (0K), 0 survivors (0K)
 Metaspace       used 55559K, committed 56512K, reserved 1114112K
  class space    used 6961K, committed 7360K, reserved 1048576K
}
Event: 10306.858 GC heap before
{Heap before GC invocations=948 (full 732):
 garbage-first heap   total 109568K, used 42122K [0x00000000c0000000, 0x0000000100000000)
  region size 1024K, 1 young (1024K), 0 survivors (0K)
 Metaspace       used 55559K, committed 56512K, reserved 1114112K
  class space    used 6961K, committed 7360K, reserved 1048576K
}
Event: 10306.905 GC heap after
{Heap after GC invocations=949 (full 733):
 garbage-first heap   total 109568K, used 42122K [0x00000000c0000000, 0x0000000100000000)
  region size 1024K, 0 young (0K), 0 survivors (0K)
 Metaspace       used 55559K, committed 56512K, reserved 1114112K
  class space    used 6961K, committed 7360K, reserved 1048576K
}
Event: 10317.128 GC heap before
{Heap before GC invocations=949 (full 733):
 garbage-first heap   total 109568K, used 42122K [0x00000000c0000000, 0x0000000100000000)
  region size 1024K, 1 young (1024K), 0 survivors (0K)
 Metaspace       used 55559K, committed 56512K, reserved 1114112K
  class space    used 6961K, committed 7360K, reserved 1048576K
}
Event: 10317.184 GC heap after
{Heap after GC invocations=950 (full 734):
 garbage-first heap   total 109568K, used 42122K [0x00000000c0000000, 0x0000000100000000)
  region size 1024K, 0 young (0K), 0 survivors (0K)
 Metaspace       used 55559K, committed 56512K, reserved 1114112K
  class space    used 6961K, committed 7360K, reserved 1048576K
}
Event: 10327.398 GC heap before
{Heap before GC invocations=950 (full 734):
 garbage-first heap   total 109568K, used 42122K [0x00000000c0000000, 0x0000000100000000)
  region size 1024K, 1 young (1024K), 0 survivors (0K)
 Metaspace       used 55559K, committed 56512K, reserved 1114112K
  class space    used 6961K, committed 7360K, reserved 1048576K
}
Event: 10327.454 GC heap after
{Heap after GC invocations=951 (full 735):
 garbage-first heap   total 109568K, used 42122K [0x00000000c0000000, 0x0000000100000000)
  region size 1024K, 0 young (0K), 0 survivors (0K)
 Metaspace       used 55559K, committed 56512K, reserved 1114112K
  class space    used 6961K, committed 7360K, reserved 1048576K
}
Event: 10337.695 GC heap before
{Heap before GC invocations=951 (full 735):
 garbage-first heap   total 109568K, used 42122K [0x00000000c0000000, 0x0000000100000000)
  region size 1024K, 1 young (1024K), 0 survivors (0K)
 Metaspace       used 55559K, committed 56512K, reserved 1114112K
  class space    used 6961K, committed 7360K, reserved 1048576K
}
Event: 10337.735 GC heap after
{Heap after GC invocations=952 (full 736):
 garbage-first heap   total 109568K, used 42122K [0x00000000c0000000, 0x0000000100000000)
  region size 1024K, 0 young (0K), 0 survivors (0K)
 Metaspace       used 55559K, committed 56512K, reserved 1114112K
  class space    used 6961K, committed 7360K, reserved 1048576K
}
Event: 10347.922 GC heap before
{Heap before GC invocations=952 (full 736):
 garbage-first heap   total 109568K, used 42122K [0x00000000c0000000, 0x0000000100000000)
  region size 1024K, 1 young (1024K), 0 survivors (0K)
 Metaspace       used 55559K, committed 56512K, reserved 1114112K
  class space    used 6961K, committed 7360K, reserved 1048576K
}
Event: 10347.979 GC heap after
{Heap after GC invocations=953 (full 737):
 garbage-first heap   total 109568K, used 42122K [0x00000000c0000000, 0x0000000100000000)
  region size 1024K, 0 young (0K), 0 survivors (0K)
 Metaspace       used 55559K, committed 56512K, reserved 1114112K
  class space    used 6961K, committed 7360K, reserved 1048576K
}
Event: 10358.200 GC heap before
{Heap before GC invocations=953 (full 737):
 garbage-first heap   total 109568K, used 42122K [0x00000000c0000000, 0x0000000100000000)
  region size 1024K, 1 young (1024K), 0 survivors (0K)
 Metaspace       used 55559K, committed 56512K, reserved 1114112K
  class space    used 6961K, committed 7360K, reserved 1048576K
}
Event: 10358.253 GC heap after
{Heap after GC invocations=954 (full 738):
 garbage-first heap   total 109568K, used 42122K [0x00000000c0000000, 0x0000000100000000)
  region size 1024K, 0 young (0K), 0 survivors (0K)
 Metaspace       used 55559K, committed 56512K, reserved 1114112K
  class space    used 6961K, committed 7360K, reserved 1048576K
}
Event: 10368.505 GC heap before
{Heap before GC invocations=954 (full 738):
 garbage-first heap   total 109568K, used 42122K [0x00000000c0000000, 0x0000000100000000)
  region size 1024K, 1 young (1024K), 0 survivors (0K)
 Metaspace       used 55559K, committed 56512K, reserved 1114112K
  class space    used 6961K, committed 7360K, reserved 1048576K
}
Event: 10368.552 GC heap after
{Heap after GC invocations=955 (full 739):
 garbage-first heap   total 109568K, used 42122K [0x00000000c0000000, 0x0000000100000000)
  region size 1024K, 0 young (0K), 0 survivors (0K)
 Metaspace       used 55559K, committed 56512K, reserved 1114112K
  class space    used 6961K, committed 7360K, reserved 1048576K
}
Event: 10378.798 GC heap before
{Heap before GC invocations=955 (full 739):
 garbage-first heap   total 109568K, used 42122K [0x00000000c0000000, 0x0000000100000000)
  region size 1024K, 1 young (1024K), 0 survivors (0K)
 Metaspace       used 55559K, committed 56512K, reserved 1114112K
  class space    used 6961K, committed 7360K, reserved 1048576K
}
Event: 10378.845 GC heap after
{Heap after GC invocations=956 (full 740):
 garbage-first heap   total 109568K, used 42122K [0x00000000c0000000, 0x0000000100000000)
  region size 1024K, 0 young (0K), 0 survivors (0K)
 Metaspace       used 55559K, committed 56512K, reserved 1114112K
  class space    used 6961K, committed 7360K, reserved 1048576K
}
Event: 10388.941 GC heap before
{Heap before GC invocations=956 (full 740):
 garbage-first heap   total 109568K, used 42122K [0x00000000c0000000, 0x0000000100000000)
  region size 1024K, 1 young (1024K), 0 survivors (0K)
 Metaspace       used 55559K, committed 56512K, reserved 1114112K
  class space    used 6961K, committed 7360K, reserved 1048576K
}

