# JRE version: OpenJDK Runtime Environment Temurin-21.0.8+9 (21.0.8+9) (build 21.0.8+9-LTS)
# Java VM: OpenJDK 64-Bit Server VM Temurin-21.0.8+9 (21.0.8+9-LTS, mixed mode, sharing, tiered, compressed oops, compressed class ptrs, parallel gc, windows-amd64)
GC Precious Log:
 CardTable entry size: 512
 CPUs: 4 total, 4 available
 Memory: 8067M
 Large Page Support: Disabled
 NUMA Support: Disabled
 Compressed Oops: Enabled (32-bit)
 Alignments: Space 512K, Generation 512K, Heap 2M
 Heap Min Capacity: 100M
 Heap Initial Capacity: 100M
 Heap Max Capacity: 2G
 Pre-touch: Disabled
 Parallel Workers: 4
Heap:
 PSYoungGen      total 3584K, used 1921K [0x00000000d5580000, 0x00000000d5a80000, 0x0000000100000000)
  eden space 3072K, 59% used [0x00000000d5580000,0x00000000d5748608,0x00000000d5880000)
  from space 512K, 18% used [0x00000000d5880000,0x00000000d5898000,0x00000000d5900000)
  to   space 512K, 0% used [0x00000000d5a00000,0x00000000d5a00000,0x00000000d5a80000)
 ParOldGen       total 1176064K, used 1175872K [0x0000000080000000, 0x00000000c7c80000, 0x00000000d5580000)
  object space 1176064K, 99% used [0x0000000080000000,0x00000000c7c502d8,0x00000000c7c80000)
 Metaspace       used 100314K, committed 102016K, reserved 1179648K
  class space    used 9857K, committed 10688K, reserved 1048576K
GC Heap History (20 events):
Event: 6672.393 GC heap before
{Heap before GC invocations=8568 (full 18):
 PSYoungGen      total 1536K, used 1042K [0x00000000d5580000, 0x00000000d5980000, 0x0000000100000000)
  eden space 512K, 99% used [0x00000000d5580000,0x00000000d55fffc8,0x00000000d5600000)
  from space 1024K, 51% used [0x00000000d5600000,0x00000000d5684990,0x00000000d5700000)
  to   space 1536K, 0% used [0x00000000d5800000,0x00000000d5800000,0x00000000d5980000)
 ParOldGen       total 1141760K, used 1141547K [0x0000000080000000, 0x00000000c5b00000, 0x00000000d5580000)
  object space 1141760K, 99% used [0x0000000080000000,0x00000000c5acaeb0,0x00000000c5b00000)
 Metaspace       used 100285K, committed 102016K, reserved 1179648K
  class space    used 9857K, committed 10688K, reserved 1048576K
}
Event: 6672.396 GC heap after
{Heap after GC invocations=8568 (full 18):
 PSYoungGen      total 1536K, used 352K [0x00000000d5580000, 0x00000000d5880000, 0x0000000100000000)
  eden space 1024K, 0% used [0x00000000d5580000,0x00000000d5580000,0x00000000d5680000)
  from space 512K, 68% used [0x00000000d5800000,0x00000000d5858000,0x00000000d5880000)
  to   space 512K, 0% used [0x00000000d5780000,0x00000000d5780000,0x00000000d5800000)
 ParOldGen       total 1142272K, used 1142050K [0x0000000080000000, 0x00000000c5b80000, 0x00000000d5580000)
  object space 1142272K, 99% used [0x0000000080000000,0x00000000c5b488c8,0x00000000c5b80000)
 Metaspace       used 100285K, committed 102016K, reserved 1179648K
  class space    used 9857K, committed 10688K, reserved 1048576K
}
Event: 6672.400 GC heap before
{Heap before GC invocations=8569 (full 18):
 PSYoungGen      total 1536K, used 1376K [0x00000000d5580000, 0x00000000d5880000, 0x0000000100000000)
  eden space 1024K, 100% used [0x00000000d5580000,0x00000000d5680000,0x00000000d5680000)
  from space 512K, 68% used [0x00000000d5800000,0x00000000d5858000,0x00000000d5880000)
  to   space 512K, 0% used [0x00000000d5780000,0x00000000d5780000,0x00000000d5800000)
 ParOldGen       total 1142272K, used 1142050K [0x0000000080000000, 0x00000000c5b80000, 0x00000000d5580000)
  object space 1142272K, 99% used [0x0000000080000000,0x00000000c5b488c8,0x00000000c5b80000)
 Metaspace       used 100285K, committed 102016K, reserved 1179648K
  class space    used 9857K, committed 10688K, reserved 1048576K
}
Event: 6672.403 GC heap after
{Heap after GC invocations=8569 (full 18):
 PSYoungGen      total 2048K, used 288K [0x00000000d5580000, 0x00000000d5880000, 0x0000000100000000)
  eden space 1536K, 0% used [0x00000000d5580000,0x00000000d5580000,0x00000000d5700000)
  from space 512K, 56% used [0x00000000d5780000,0x00000000d57c8000,0x00000000d5800000)
  to   space 512K, 0% used [0x00000000d5800000,0x00000000d5800000,0x00000000d5880000)
 ParOldGen       total 1142784K, used 1142330K [0x0000000080000000, 0x00000000c5c00000, 0x00000000d5580000)
  object space 1142784K, 99% used [0x0000000080000000,0x00000000c5b8e8c8,0x00000000c5c00000)
 Metaspace       used 100285K, committed 102016K, reserved 1179648K
  class space    used 9857K, committed 10688K, reserved 1048576K
}
Event: 6672.410 GC heap before
{Heap before GC invocations=8570 (full 18):
 PSYoungGen      total 2048K, used 1824K [0x00000000d5580000, 0x00000000d5880000, 0x0000000100000000)
  eden space 1536K, 100% used [0x00000000d5580000,0x00000000d5700000,0x00000000d5700000)
  from space 512K, 56% used [0x00000000d5780000,0x00000000d57c8000,0x00000000d5800000)
  to   space 512K, 0% used [0x00000000d5800000,0x00000000d5800000,0x00000000d5880000)
 ParOldGen       total 1142784K, used 1142330K [0x0000000080000000, 0x00000000c5c00000, 0x00000000d5580000)
  object space 1142784K, 99% used [0x0000000080000000,0x00000000c5b8e8c8,0x00000000c5c00000)
 Metaspace       used 100285K, committed 102016K, reserved 1179648K
  class space    used 9857K, committed 10688K, reserved 1048576K
}
Event: 6672.413 GC heap after
{Heap after GC invocations=8570 (full 18):
 PSYoungGen      total 2560K, used 448K [0x00000000d5580000, 0x00000000d5880000, 0x0000000100000000)
  eden space 2048K, 0% used [0x00000000d5580000,0x00000000d5580000,0x00000000d5780000)
  from space 512K, 87% used [0x00000000d5800000,0x00000000d5870000,0x00000000d5880000)
  to   space 512K, 0% used [0x00000000d5780000,0x00000000d5780000,0x00000000d5800000)
 ParOldGen       total 1142784K, used 1142546K [0x0000000080000000, 0x00000000c5c00000, 0x00000000d5580000)
  object space 1142784K, 99% used [0x0000000080000000,0x00000000c5bc48c8,0x00000000c5c00000)
 Metaspace       used 100285K, committed 102016K, reserved 1179648K
  class space    used 9857K, committed 10688K, reserved 1048576K
}
Event: 6672.424 GC heap before
{Heap before GC invocations=8571 (full 18):
 PSYoungGen      total 2560K, used 2496K [0x00000000d5580000, 0x00000000d5880000, 0x0000000100000000)
  eden space 2048K, 100% used [0x00000000d5580000,0x00000000d5780000,0x00000000d5780000)
  from space 512K, 87% used [0x00000000d5800000,0x00000000d5870000,0x00000000d5880000)
  to   space 512K, 0% used [0x00000000d5780000,0x00000000d5780000,0x00000000d5800000)
 ParOldGen       total 1142784K, used 1142546K [0x0000000080000000, 0x00000000c5c00000, 0x00000000d5580000)
  object space 1142784K, 99% used [0x0000000080000000,0x00000000c5bc48c8,0x00000000c5c00000)
 Metaspace       used 100285K, committed 102016K, reserved 1179648K
  class space    used 9857K, committed 10688K, reserved 1048576K
}
Event: 6672.429 GC heap after
{Heap after GC invocations=8571 (full 18):
 PSYoungGen      total 2560K, used 512K [0x00000000d5580000, 0x00000000d5a00000, 0x0000000100000000)
  eden space 2048K, 0% used [0x00000000d5580000,0x00000000d5580000,0x00000000d5780000)
  from space 512K, 100% used [0x00000000d5780000,0x00000000d5800000,0x00000000d5800000)
  to   space 1024K, 0% used [0x00000000d5900000,0x00000000d5900000,0x00000000d5a00000)
 ParOldGen       total 1143296K, used 1142924K [0x0000000080000000, 0x00000000c5c80000, 0x00000000d5580000)
  object space 1143296K, 99% used [0x0000000080000000,0x00000000c5c23098,0x00000000c5c80000)
 Metaspace       used 100285K, committed 102016K, reserved 1179648K
  class space    used 9857K, committed 10688K, reserved 1048576K
}
Event: 6672.485 GC heap before
{Heap before GC invocations=8572 (full 18):
 PSYoungGen      total 2560K, used 2560K [0x00000000d5580000, 0x00000000d5a00000, 0x0000000100000000)
  eden space 2048K, 100% used [0x00000000d5580000,0x00000000d5780000,0x00000000d5780000)
  from space 512K, 100% used [0x00000000d5780000,0x00000000d5800000,0x00000000d5800000)
  to   space 1024K, 0% used [0x00000000d5900000,0x00000000d5900000,0x00000000d5a00000)
 ParOldGen       total 1175040K, used 1173644K [0x0000000080000000, 0x00000000c7b80000, 0x00000000d5580000)
  object space 1175040K, 99% used [0x0000000080000000,0x00000000c7a230c8,0x00000000c7b80000)
 Metaspace       used 100285K, committed 102016K, reserved 1179648K
  class space    used 9857K, committed 10688K, reserved 1048576K
}
Event: 6672.489 GC heap after
{Heap after GC invocations=8572 (full 18):
 PSYoungGen      total 3584K, used 752K [0x00000000d5580000, 0x00000000d5a00000, 0x0000000100000000)
  eden space 2560K, 0% used [0x00000000d5580000,0x00000000d5580000,0x00000000d5800000)
  from space 1024K, 73% used [0x00000000d5900000,0x00000000d59bc010,0x00000000d5a00000)
  to   space 1024K, 0% used [0x00000000d5800000,0x00000000d5800000,0x00000000d5900000)
 ParOldGen       total 1175040K, used 1174087K [0x0000000080000000, 0x00000000c7b80000, 0x00000000d5580000)
  object space 1175040K, 99% used [0x0000000080000000,0x00000000c7a91cd0,0x00000000c7b80000)
 Metaspace       used 100285K, committed 102016K, reserved 1179648K
  class space    used 9857K, committed 10688K, reserved 1048576K
}
Event: 6672.503 GC heap before
{Heap before GC invocations=8573 (full 18):
 PSYoungGen      total 3584K, used 3311K [0x00000000d5580000, 0x00000000d5a00000, 0x0000000100000000)
  eden space 2560K, 99% used [0x00000000d5580000,0x00000000d57fffe8,0x00000000d5800000)
  from space 1024K, 73% used [0x00000000d5900000,0x00000000d59bc010,0x00000000d5a00000)
  to   space 1024K, 0% used [0x00000000d5800000,0x00000000d5800000,0x00000000d5900000)
 ParOldGen       total 1175040K, used 1174087K [0x0000000080000000, 0x00000000c7b80000, 0x00000000d5580000)
  object space 1175040K, 99% used [0x0000000080000000,0x00000000c7a91cd0,0x00000000c7b80000)
 Metaspace       used 100302K, committed 102016K, reserved 1179648K
  class space    used 9857K, committed 10688K, reserved 1048576K
}
Event: 6672.508 GC heap after
{Heap after GC invocations=8573 (full 18):
 PSYoungGen      total 3584K, used 256K [0x00000000d5580000, 0x00000000d5980000, 0x0000000100000000)
  eden space 2560K, 0% used [0x00000000d5580000,0x00000000d5580000,0x00000000d5800000)
  from space 1024K, 25% used [0x00000000d5800000,0x00000000d5840000,0x00000000d5900000)
  to   space 512K, 0% used [0x00000000d5900000,0x00000000d5900000,0x00000000d5980000)
 ParOldGen       total 1175040K, used 1174708K [0x0000000080000000, 0x00000000c7b80000, 0x00000000d5580000)
  object space 1175040K, 99% used [0x0000000080000000,0x00000000c7b2d248,0x00000000c7b80000)
 Metaspace       used 100302K, committed 102016K, reserved 1179648K
  class space    used 9857K, committed 10688K, reserved 1048576K
}
Event: 6672.520 GC heap before
{Heap before GC invocations=8574 (full 18):
 PSYoungGen      total 3584K, used 2816K [0x00000000d5580000, 0x00000000d5980000, 0x0000000100000000)
  eden space 2560K, 100% used [0x00000000d5580000,0x00000000d5800000,0x00000000d5800000)
  from space 1024K, 25% used [0x00000000d5800000,0x00000000d5840000,0x00000000d5900000)
  to   space 512K, 0% used [0x00000000d5900000,0x00000000d5900000,0x00000000d5980000)
 ParOldGen       total 1175040K, used 1174708K [0x0000000080000000, 0x00000000c7b80000, 0x00000000d5580000)
  object space 1175040K, 99% used [0x0000000080000000,0x00000000c7b2d248,0x00000000c7b80000)
 Metaspace       used 100302K, committed 102016K, reserved 1179648K
  class space    used 9857K, committed 10688K, reserved 1048576K
}
Event: 6672.524 GC heap after
{Heap after GC invocations=8574 (full 18):
 PSYoungGen      total 3584K, used 352K [0x00000000d5580000, 0x00000000d5980000, 0x0000000100000000)
  eden space 3072K, 0% used [0x00000000d5580000,0x00000000d5580000,0x00000000d5880000)
  from space 512K, 68% used [0x00000000d5900000,0x00000000d5958000,0x00000000d5980000)
  to   space 512K, 0% used [0x00000000d5880000,0x00000000d5880000,0x00000000d5900000)
 ParOldGen       total 1175040K, used 1174924K [0x0000000080000000, 0x00000000c7b80000, 0x00000000d5580000)
  object space 1175040K, 99% used [0x0000000080000000,0x00000000c7b63248,0x00000000c7b80000)
 Metaspace       used 100302K, committed 102016K, reserved 1179648K
  class space    used 9857K, committed 10688K, reserved 1048576K
}
Event: 6672.536 GC heap before
{Heap before GC invocations=8575 (full 18):
 PSYoungGen      total 3584K, used 3424K [0x00000000d5580000, 0x00000000d5980000, 0x0000000100000000)
  eden space 3072K, 100% used [0x00000000d5580000,0x00000000d5880000,0x00000000d5880000)
  from space 512K, 68% used [0x00000000d5900000,0x00000000d5958000,0x00000000d5980000)
  to   space 512K, 0% used [0x00000000d5880000,0x00000000d5880000,0x00000000d5900000)
 ParOldGen       total 1175040K, used 1174924K [0x0000000080000000, 0x00000000c7b80000, 0x00000000d5580000)
  object space 1175040K, 99% used [0x0000000080000000,0x00000000c7b63248,0x00000000c7b80000)
 Metaspace       used 100302K, committed 102016K, reserved 1179648K
  class space    used 9857K, committed 10688K, reserved 1048576K
}
Event: 6672.540 GC heap after
{Heap after GC invocations=8575 (full 18):
 PSYoungGen      total 3584K, used 384K [0x00000000d5580000, 0x00000000d5a80000, 0x0000000100000000)
  eden space 3072K, 0% used [0x00000000d5580000,0x00000000d5580000,0x00000000d5880000)
  from space 512K, 75% used [0x00000000d5880000,0x00000000d58e0000,0x00000000d5900000)
  to   space 512K, 0% used [0x00000000d5a00000,0x00000000d5a00000,0x00000000d5a80000)
 ParOldGen       total 1175552K, used 1175180K [0x0000000080000000, 0x00000000c7c00000, 0x00000000d5580000)
  object space 1175552K, 99% used [0x0000000080000000,0x00000000c7ba3288,0x00000000c7c00000)
 Metaspace       used 100302K, committed 102016K, reserved 1179648K
  class space    used 9857K, committed 10688K, reserved 1048576K
}
Event: 6675.414 GC heap before
{Heap before GC invocations=8576 (full 18):
 PSYoungGen      total 3584K, used 3456K [0x00000000d5580000, 0x00000000d5a80000, 0x0000000100000000)
  eden space 3072K, 100% used [0x00000000d5580000,0x00000000d5880000,0x00000000d5880000)
  from space 512K, 75% used [0x00000000d5880000,0x00000000d58e0000,0x00000000d5900000)
  to   space 512K, 0% used [0x00000000d5a00000,0x00000000d5a00000,0x00000000d5a80000)
 ParOldGen       total 1175552K, used 1175180K [0x0000000080000000, 0x00000000c7c00000, 0x00000000d5580000)
  object space 1175552K, 99% used [0x0000000080000000,0x00000000c7ba3288,0x00000000c7c00000)
 Metaspace       used 100302K, committed 102016K, reserved 1179648K
  class space    used 9857K, committed 10688K, reserved 1048576K
}
Event: 6675.418 GC heap after
{Heap after GC invocations=8576 (full 18):
 PSYoungGen      total 3584K, used 384K [0x00000000d5580000, 0x00000000d5a80000, 0x0000000100000000)
  eden space 3072K, 0% used [0x00000000d5580000,0x00000000d5580000,0x00000000d5880000)
  from space 512K, 75% used [0x00000000d5a00000,0x00000000d5a60000,0x00000000d5a80000)
  to   space 512K, 0% used [0x00000000d5880000,0x00000000d5880000,0x00000000d5900000)
 ParOldGen       total 1175552K, used 1175532K [0x0000000080000000, 0x00000000c7c00000, 0x00000000d5580000)
  object space 1175552K, 99% used [0x0000000080000000,0x00000000c7bfb2a8,0x00000000c7c00000)
 Metaspace       used 100302K, committed 102016K, reserved 1179648K
  class space    used 9857K, committed 10688K, reserved 1048576K
}
Event: 6851.663 GC heap before
{Heap before GC invocations=8577 (full 18):
 PSYoungGen      total 3584K, used 3455K [0x00000000d5580000, 0x00000000d5a80000, 0x0000000100000000)
  eden space 3072K, 99% used [0x00000000d5580000,0x00000000d587ff28,0x00000000d5880000)
  from space 512K, 75% used [0x00000000d5a00000,0x00000000d5a60000,0x00000000d5a80000)
  to   space 512K, 0% used [0x00000000d5880000,0x00000000d5880000,0x00000000d5900000)
 ParOldGen       total 1175552K, used 1175532K [0x0000000080000000, 0x00000000c7c00000, 0x00000000d5580000)
  object space 1175552K, 99% used [0x0000000080000000,0x00000000c7bfb2a8,0x00000000c7c00000)
 Metaspace       used 100304K, committed 102016K, reserved 1179648K
  class space    used 9857K, committed 10688K, reserved 1048576K
}
Event: 6851.675 GC heap after
{Heap after GC invocations=8577 (full 18):
 PSYoungGen      total 3584K, used 96K [0x00000000d5580000, 0x00000000d5a80000, 0x0000000100000000)
  eden space 3072K, 0% used [0x00000000d5580000,0x00000000d5580000,0x00000000d5880000)
  from space 512K, 18% used [0x00000000d5880000,0x00000000d5898000,0x00000000d5900000)
  to   space 512K, 0% used [0x00000000d5a00000,0x00000000d5a00000,0x00000000d5a80000)
 ParOldGen       total 1176064K, used 1175872K [0x0000000080000000, 0x00000000c7c80000, 0x00000000d5580000)
  object space 1176064K, 99% used [0x0000000080000000,0x00000000c7c502d8,0x00000000c7c80000)
 Metaspace       used 100304K, committed 102016K, reserved 1179648K
  class space    used 9857K, committed 10688K, reserved 1048576K
}

