# JRE version: OpenJDK Runtime Environment Temurin-21.0.9+10 (21.0.9+10) (build 21.0.9+10-LTS)
# Java VM: OpenJDK 64-Bit Server VM Temurin-21.0.9+10 (21.0.9+10-LTS, mixed mode, emulated-client, sharing, tiered, compressed oops, compressed class ptrs, g1 gc, windows-amd64)
GC Precious Log:
 CardTable entry size: 512
 Card Set container configuration: InlinePtr #cards 5 size 8 Array Of Cards #cards 12 size 40 Howl #buckets 4 coarsen threshold 1843 Howl Bitmap #cards 512 size 80 coarsen threshold 460 Card regions per heap region 1 cards per card region 2048
 CPUs: 4 total, 4 available
 Memory: 8067M
 Large Page Support: Disabled
 NUMA Support: Disabled
 Compressed Oops: Enabled (32-bit)
 Heap Region Size: 1M
 Heap Min Capacity: 8M
 Heap Initial Capacity: 128M
 Heap Max Capacity: 1G
 Pre-touch: Disabled
 Parallel Workers: 4
 Concurrent Workers: 1
 Concurrent Refinement Workers: 4
 Periodic GC: Disabled
Heap:
 garbage-first heap   total 113664K, used 34500K [0x00000000c0000000, 0x0000000100000000)
  region size 1024K, 1 young (1024K), 0 survivors (0K)
 Metaspace       used 57453K, committed 58176K, reserved 1114112K
  class space    used 7274K, committed 7616K, reserved 1048576K
GC Heap History (20 events):
Event: 13023.838 GC heap after
{Heap after GC invocations=1131 (full 1005):
 garbage-first heap   total 113664K, used 34500K [0x00000000c0000000, 0x0000000100000000)
  region size 1024K, 0 young (0K), 0 survivors (0K)
 Metaspace       used 57453K, committed 58176K, reserved 1114112K
  class space    used 7274K, committed 7616K, reserved 1048576K
}
Event: 13034.058 GC heap before
{Heap before GC invocations=1131 (full 1005):
 garbage-first heap   total 113664K, used 34500K [0x00000000c0000000, 0x0000000100000000)
  region size 1024K, 1 young (1024K), 0 survivors (0K)
 Metaspace       used 57453K, committed 58176K, reserved 1114112K
  class space    used 7274K, committed 7616K, reserved 1048576K
}
Event: 13034.090 GC heap after
{Heap after GC invocations=1132 (full 1006):
 garbage-first heap   total 113664K, used 34500K [0x00000000c0000000, 0x0000000100000000)
  region size 1024K, 0 young (0K), 0 survivors (0K)
 Metaspace       used 57453K, committed 58176K, reserved 1114112K
  class space    used 7274K, committed 7616K, reserved 1048576K
}
Event: 13044.305 GC heap before
{Heap before GC invocations=1132 (full 1006):
 garbage-first heap   total 113664K, used 34500K [0x00000000c0000000, 0x0000000100000000)
  region size 1024K, 1 young (1024K), 0 survivors (0K)
 Metaspace       used 57453K, committed 58176K, reserved 1114112K
  class space    used 7274K, committed 7616K, reserved 1048576K
}
Event: 13044.337 GC heap after
{Heap after GC invocations=1133 (full 1007):
 garbage-first heap   total 113664K, used 34500K [0x00000000c0000000, 0x0000000100000000)
  region size 1024K, 0 young (0K), 0 survivors (0K)
 Metaspace       used 57453K, committed 58176K, reserved 1114112K
  class space    used 7274K, committed 7616K, reserved 1048576K
}
Event: 13054.586 GC heap before
{Heap before GC invocations=1133 (full 1007):
 garbage-first heap   total 113664K, used 34500K [0x00000000c0000000, 0x0000000100000000)
  region size 1024K, 1 young (1024K), 0 survivors (0K)
 Metaspace       used 57453K, committed 58176K, reserved 1114112K
  class space    used 7274K, committed 7616K, reserved 1048576K
}
Event: 13054.617 GC heap after
{Heap after GC invocations=1134 (full 1008):
 garbage-first heap   total 113664K, used 34500K [0x00000000c0000000, 0x0000000100000000)
  region size 1024K, 0 young (0K), 0 survivors (0K)
 Metaspace       used 57453K, committed 58176K, reserved 1114112K
  class space    used 7274K, committed 7616K, reserved 1048576K
}
Event: 13064.836 GC heap before
{Heap before GC invocations=1134 (full 1008):
 garbage-first heap   total 113664K, used 34500K [0x00000000c0000000, 0x0000000100000000)
  region size 1024K, 1 young (1024K), 0 survivors (0K)
 Metaspace       used 57453K, committed 58176K, reserved 1114112K
  class space    used 7274K, committed 7616K, reserved 1048576K
}
Event: 13064.866 GC heap after
{Heap after GC invocations=1135 (full 1009):
 garbage-first heap   total 113664K, used 34500K [0x00000000c0000000, 0x0000000100000000)
  region size 1024K, 0 young (0K), 0 survivors (0K)
 Metaspace       used 57453K, committed 58176K, reserved 1114112K
  class space    used 7274K, committed 7616K, reserved 1048576K
}
Event: 13075.173 GC heap before
{Heap before GC invocations=1135 (full 1009):
 garbage-first heap   total 113664K, used 34500K [0x00000000c0000000, 0x0000000100000000)
  region size 1024K, 1 young (1024K), 0 survivors (0K)
 Metaspace       used 57453K, committed 58176K, reserved 1114112K
  class space    used 7274K, committed 7616K, reserved 1048576K
}
Event: 13075.215 GC heap after
{Heap after GC invocations=1136 (full 1010):
 garbage-first heap   total 113664K, used 34500K [0x00000000c0000000, 0x0000000100000000)
  region size 1024K, 0 young (0K), 0 survivors (0K)
 Metaspace       used 57453K, committed 58176K, reserved 1114112K
  class space    used 7274K, committed 7616K, reserved 1048576K
}
Event: 13085.477 GC heap before
{Heap before GC invocations=1136 (full 1010):
 garbage-first heap   total 113664K, used 34500K [0x00000000c0000000, 0x0000000100000000)
  region size 1024K, 1 young (1024K), 0 survivors (0K)
 Metaspace       used 57453K, committed 58176K, reserved 1114112K
  class space    used 7274K, committed 7616K, reserved 1048576K
}
Event: 13085.507 GC heap after
{Heap after GC invocations=1137 (full 1011):
 garbage-first heap   total 113664K, used 34500K [0x00000000c0000000, 0x0000000100000000)
  region size 1024K, 0 young (0K), 0 survivors (0K)
 Metaspace       used 57453K, committed 58176K, reserved 1114112K
  class space    used 7274K, committed 7616K, reserved 1048576K
}
Event: 13095.768 GC heap before
{Heap before GC invocations=1137 (full 1011):
 garbage-first heap   total 113664K, used 34500K [0x00000000c0000000, 0x0000000100000000)
  region size 1024K, 1 young (1024K), 0 survivors (0K)
 Metaspace       used 57453K, committed 58176K, reserved 1114112K
  class space    used 7274K, committed 7616K, reserved 1048576K
}
Event: 13095.807 GC heap after
{Heap after GC invocations=1138 (full 1012):
 garbage-first heap   total 113664K, used 34500K [0x00000000c0000000, 0x0000000100000000)
  region size 1024K, 0 young (0K), 0 survivors (0K)
 Metaspace       used 57453K, committed 58176K, reserved 1114112K
  class space    used 7274K, committed 7616K, reserved 1048576K
}
Event: 13106.060 GC heap before
{Heap before GC invocations=1138 (full 1012):
 garbage-first heap   total 113664K, used 34500K [0x00000000c0000000, 0x0000000100000000)
  region size 1024K, 1 young (1024K), 0 survivors (0K)
 Metaspace       used 57453K, committed 58176K, reserved 1114112K
  class space    used 7274K, committed 7616K, reserved 1048576K
}
Event: 13106.100 GC heap after
{Heap after GC invocations=1139 (full 1013):
 garbage-first heap   total 113664K, used 34500K [0x00000000c0000000, 0x0000000100000000)
  region size 1024K, 0 young (0K), 0 survivors (0K)
 Metaspace       used 57453K, committed 58176K, reserved 1114112K
  class space    used 7274K, committed 7616K, reserved 1048576K
}
Event: 13116.391 GC heap before
{Heap before GC invocations=1139 (full 1013):
 garbage-first heap   total 113664K, used 34500K [0x00000000c0000000, 0x0000000100000000)
  region size 1024K, 1 young (1024K), 0 survivors (0K)
 Metaspace       used 57453K, committed 58176K, reserved 1114112K
  class space    used 7274K, committed 7616K, reserved 1048576K
}
Event: 13116.434 GC heap after
{Heap after GC invocations=1140 (full 1014):
 garbage-first heap   total 113664K, used 34500K [0x00000000c0000000, 0x0000000100000000)
  region size 1024K, 0 young (0K), 0 survivors (0K)
 Metaspace       used 57453K, committed 58176K, reserved 1114112K
  class space    used 7274K, committed 7616K, reserved 1048576K
}
Event: 13136.545 GC heap before
{Heap before GC invocations=1140 (full 1014):
 garbage-first heap   total 113664K, used 34500K [0x00000000c0000000, 0x0000000100000000)
  region size 1024K, 1 young (1024K), 0 survivors (0K)
 Metaspace       used 57453K, committed 58176K, reserved 1114112K
  class space    used 7274K, committed 7616K, reserved 1048576K
}

